c:\users\sebastien\documents\visual studio 2015\projects\app1\debug\app1\app1.winmd
c:\users\sebastien\documents\visual studio 2015\projects\app1\debug\app1\app1.lib
c:\users\sebastien\documents\visual studio 2015\projects\app1\debug\app1\app1.exp
c:\users\sebastien\documents\visual studio 2015\projects\app1\app1\debug\app1.vcxprojresolveassemblyreference.cache
c:\users\sebastien\documents\visual studio 2015\projects\app1\app1\generated files\app.g.h
c:\users\sebastien\documents\visual studio 2015\projects\app1\app1\generated files\mainpage.g.h
c:\users\sebastien\documents\visual studio 2015\projects\app1\app1\generated files\vue0.g.h
c:\users\sebastien\documents\visual studio 2015\projects\app1\app1\generated files\xamllibmetadataprovider.g.cpp
c:\users\sebastien\documents\visual studio 2015\projects\app1\app1\generated files\xamltypeinfo.impl.g.cpp
c:\users\sebastien\documents\visual studio 2015\projects\app1\app1\generated files\app.xaml
c:\users\sebastien\documents\visual studio 2015\projects\app1\app1\generated files\mainpage.xaml
c:\users\sebastien\documents\visual studio 2015\projects\app1\app1\generated files\vue0.xaml
c:\users\sebastien\documents\visual studio 2015\projects\app1\app1\generated files\app.xbf
c:\users\sebastien\documents\visual studio 2015\projects\app1\app1\generated files\mainpage.xbf
c:\users\sebastien\documents\visual studio 2015\projects\app1\app1\generated files\vue0.xbf
c:\users\sebastien\documents\visual studio 2015\projects\app1\app1\debug\xamlsavestatefile.xml
c:\users\sebastien\documents\visual studio 2015\projects\app1\app1\generated files\xamltypeinfo.g.cpp
c:\users\sebastien\documents\visual studio 2015\projects\app1\debug\app1\app.xbf
c:\users\sebastien\documents\visual studio 2015\projects\app1\debug\app1\mainpage.xbf
c:\users\sebastien\documents\visual studio 2015\projects\app1\debug\app1\vue0.xbf
c:\users\sebastien\documents\visual studio 2015\projects\app1\app1\debug\resourcehandlingtask.state
c:\users\sebastien\documents\visual studio 2015\projects\app1\app1\debug\priconfig.xml
c:\users\sebastien\documents\visual studio 2015\projects\app1\app1\debug\priconfig.xml.intermediate
c:\users\sebastien\documents\visual studio 2015\projects\app1\app1\debug\layout.resfiles
c:\users\sebastien\documents\visual studio 2015\projects\app1\app1\debug\layout.resfiles.intermediate
c:\users\sebastien\documents\visual studio 2015\projects\app1\app1\debug\resources.resfiles
c:\users\sebastien\documents\visual studio 2015\projects\app1\app1\debug\resources.resfiles.intermediate
c:\users\sebastien\documents\visual studio 2015\projects\app1\app1\debug\pri.resfiles
c:\users\sebastien\documents\visual studio 2015\projects\app1\app1\debug\pri.resfiles.intermediate
c:\users\sebastien\documents\visual studio 2015\projects\app1\debug\app1\resources.pri
c:\users\sebastien\documents\visual studio 2015\projects\app1\app1\debug\qualifiers.txt
c:\users\sebastien\documents\visual studio 2015\projects\app1\app1\debug\qualifiers.txt.intermediate
c:\users\sebastien\documents\visual studio 2015\projects\app1\app1\debug\multiplequalifiersperdimensionfound.txt
c:\users\sebastien\documents\visual studio 2015\projects\app1\app1\debug\projectarchitectures.txt
c:\users\sebastien\documents\visual studio 2015\projects\app1\debug\app1\appxmanifest.xml
c:\users\sebastien\documents\visual studio 2015\projects\app1\debug\app1\app1.build.appxrecipe
c:\users\sebastien\documents\visual studio 2015\projects\app1\app1\debug\app1.pch
c:\users\sebastien\documents\visual studio 2015\projects\app1\app1\debug\vc140.pdb
c:\users\sebastien\documents\visual studio 2015\projects\app1\app1\debug\vc140.idb
c:\users\sebastien\documents\visual studio 2015\projects\app1\app1\debug\pch.obj
c:\users\sebastien\documents\visual studio 2015\projects\app1\app1\debug\xamltypeinfo.g.obj
c:\users\sebastien\documents\visual studio 2015\projects\app1\app1\debug\app.xaml.obj
c:\users\sebastien\documents\visual studio 2015\projects\app1\app1\debug\interpreteur.obj
c:\users\sebastien\documents\visual studio 2015\projects\app1\app1\debug\mainpage.xaml.obj
c:\users\sebastien\documents\visual studio 2015\projects\app1\app1\debug\singleton.obj
c:\users\sebastien\documents\visual studio 2015\projects\app1\app1\debug\testclasse.obj
c:\users\sebastien\documents\visual studio 2015\projects\app1\app1\debug\vue0.xaml.obj
c:\users\sebastien\documents\visual studio 2015\projects\app1\app1\debug\commande.obj
c:\users\sebastien\documents\visual studio 2015\projects\app1\app1\debug\xamltypeinfo.impl.g.obj
c:\users\sebastien\documents\visual studio 2015\projects\app1\app1\debug\app1.tlog\app1.winmd.lastbuild
c:\users\sebastien\documents\visual studio 2015\projects\app1\debug\app1\app1.ilk
c:\users\sebastien\documents\visual studio 2015\projects\app1\debug\app1\app1.exe
c:\users\sebastien\documents\visual studio 2015\projects\app1\debug\app1\app1.pdb
c:\users\sebastien\documents\visual studio 2015\projects\app1\app1\debug\app1.res
c:\users\sebastien\documents\visual studio 2015\projects\app1\app1\debug\embed.resfiles
c:\users\sebastien\documents\visual studio 2015\projects\app1\app1\debug\app1.tlog\app1.read.1u.tlog
c:\users\sebastien\documents\visual studio 2015\projects\app1\app1\debug\app1.tlog\app1.write.1u.tlog
c:\users\sebastien\documents\visual studio 2015\projects\app1\app1\debug\app1.tlog\cl.command.1.tlog
c:\users\sebastien\documents\visual studio 2015\projects\app1\app1\debug\app1.tlog\cl.read.1.tlog
c:\users\sebastien\documents\visual studio 2015\projects\app1\app1\debug\app1.tlog\cl.write.1.tlog
c:\users\sebastien\documents\visual studio 2015\projects\app1\app1\debug\app1.tlog\link.command.1.tlog
c:\users\sebastien\documents\visual studio 2015\projects\app1\app1\debug\app1.tlog\link.read.1.tlog
c:\users\sebastien\documents\visual studio 2015\projects\app1\app1\debug\app1.tlog\link.write.1.tlog
c:\users\sebastien\documents\visual studio 2015\projects\app1\app1\debug\app1.tlog\rc.command.1.tlog
c:\users\sebastien\documents\visual studio 2015\projects\app1\app1\debug\app1.tlog\rc.read.1.tlog
c:\users\sebastien\documents\visual studio 2015\projects\app1\app1\debug\app1.tlog\rc.write.1.tlog
c:\users\sebastien\documents\visual studio 2015\projects\app1\app1\generated files\xamlbindinginfo.g.h
c:\users\sebastien\documents\visual studio 2015\projects\app1\app1\generated files\xamltypeinfo.g.h
